<?xml version="1.0" encoding="UTF-8" ?>
<testsuite failures="0" time="5.47" errors="0" skipped="0" tests="101" name="co.edu.uelbosque.controller.TestFileManager">
  <properties>
    <property name="java.runtime.name" value="Java(TM) SE Runtime Environment"/>
    <property name="sun.boot.library.path" value="/usr/local/lib/jdk1.7.0_55/jre/lib/amd64"/>
    <property name="java.vm.version" value="24.55-b03"/>
    <property name="java.vm.vendor" value="Oracle Corporation"/>
    <property name="java.vendor.url" value="http://java.oracle.com/"/>
    <property name="path.separator" value=":"/>
    <property name="guice.disable.misplaced.annotation.check" value="true"/>
    <property name="java.vm.name" value="Java HotSpot(TM) 64-Bit Server VM"/>
    <property name="file.encoding.pkg" value="sun.io"/>
    <property name="user.country" value="CO"/>
    <property name="sun.java.launcher" value="SUN_STANDARD"/>
    <property name="sun.os.patch.level" value="unknown"/>
    <property name="java.vm.specification.name" value="Java Virtual Machine Specification"/>
    <property name="user.dir" value="/home/aleon/NetBeansProjects/BigImageServlet"/>
    <property name="java.runtime.version" value="1.7.0_55-b13"/>
    <property name="java.awt.graphicsenv" value="sun.awt.X11GraphicsEnvironment"/>
    <property name="java.endorsed.dirs" value="/usr/local/lib/jdk1.7.0_55/jre/lib/endorsed"/>
    <property name="os.arch" value="amd64"/>
    <property name="java.io.tmpdir" value="/tmp"/>
    <property name="line.separator" value="
"/>
    <property name="java.vm.specification.vendor" value="Oracle Corporation"/>
    <property name="os.name" value="Linux"/>
    <property name="maven.ext.class.path" value="/home/aleon/netbeans-8.0/java/maven-nblib/netbeans-eventspy.jar"/>
    <property name="classworlds.conf" value="/home/aleon/netbeans-8.0/java/maven/bin/m2.conf"/>
    <property name="sun.jnu.encoding" value="UTF-8"/>
    <property name="java.library.path" value="/usr/local/lib/jdk1.7.0_55/jre/lib/amd64:/usr/local/lib/jdk1.7.0_55/jre/lib/i386::/usr/java/packages/lib/amd64:/usr/lib64:/lib64:/lib:/usr/lib"/>
    <property name="java.specification.name" value="Java Platform API Specification"/>
    <property name="java.class.version" value="51.0"/>
    <property name="sun.management.compiler" value="HotSpot 64-Bit Tiered Compilers"/>
    <property name="os.version" value="3.11.0-26-generic"/>
    <property name="user.home" value="/home/aleon"/>
    <property name="user.timezone" value="America/Bogota"/>
    <property name="java.awt.printerjob" value="sun.print.PSPrinterJob"/>
    <property name="file.encoding" value="UTF-8"/>
    <property name="java.specification.version" value="1.7"/>
    <property name="user.name" value="aleon"/>
    <property name="java.class.path" value="/home/aleon/netbeans-8.0/java/maven/boot/plexus-classworlds-2.4.jar"/>
    <property name="java.vm.specification.version" value="1.7"/>
    <property name="sun.arch.data.model" value="64"/>
    <property name="java.home" value="/usr/local/lib/jdk1.7.0_55/jre"/>
    <property name="sun.java.command" value="org.codehaus.plexus.classworlds.launcher.Launcher -Dmaven.ext.class.path=/home/aleon/netbeans-8.0/java/maven-nblib/netbeans-eventspy.jar clean install"/>
    <property name="java.specification.vendor" value="Oracle Corporation"/>
    <property name="user.language" value="es"/>
    <property name="awt.toolkit" value="sun.awt.X11.XToolkit"/>
    <property name="java.vm.info" value="mixed mode"/>
    <property name="java.version" value="1.7.0_55"/>
    <property name="java.ext.dirs" value="/usr/local/lib/jdk1.7.0_55/jre/lib/ext:/usr/java/packages/lib/ext"/>
    <property name="securerandom.source" value="file:/dev/./urandom"/>
    <property name="sun.boot.class.path" value="/usr/local/lib/jdk1.7.0_55/jre/lib/resources.jar:/usr/local/lib/jdk1.7.0_55/jre/lib/rt.jar:/usr/local/lib/jdk1.7.0_55/jre/lib/sunrsasign.jar:/usr/local/lib/jdk1.7.0_55/jre/lib/jsse.jar:/usr/local/lib/jdk1.7.0_55/jre/lib/jce.jar:/usr/local/lib/jdk1.7.0_55/jre/lib/charsets.jar:/usr/local/lib/jdk1.7.0_55/jre/lib/jfr.jar:/usr/local/lib/jdk1.7.0_55/jre/classes"/>
    <property name="java.vendor" value="Oracle Corporation"/>
    <property name="maven.home" value="/home/aleon/netbeans-8.0/java/maven"/>
    <property name="file.separator" value="/"/>
    <property name="java.vendor.url.bug" value="http://bugreport.sun.com/bugreport/"/>
    <property name="sun.cpu.endian" value="little"/>
    <property name="sun.io.unicode.encoding" value="UnicodeLittle"/>
    <property name="sun.desktop" value="gnome"/>
    <property name="sun.cpu.isalist" value=""/>
  </properties>
  <testcase time="0.044" classname="co.edu.uelbosque.controller.TestFileManager" name="debeCrearUnBufferDeLaImagen"/>
  <testcase time="0" classname="co.edu.uelbosque.controller.TestFileManager" name="verificaQuelasInstanciasSenIguales"/>
  <testcase time="0" classname="co.edu.uelbosque.controller.TestFileManager" name="verificaQuelasInstanciasSenIguales"/>
  <testcase time="0.038" classname="co.edu.uelbosque.controller.TestFileManager" name="verificaQuelasInstanciasSenIguales"/>
  <testcase time="0.039" classname="co.edu.uelbosque.controller.TestFileManager" name="verificaQuelasInstanciasSenIguales"/>
  <testcase time="0.039" classname="co.edu.uelbosque.controller.TestFileManager" name="verificaQuelasInstanciasSenIguales"/>
  <testcase time="0.076" classname="co.edu.uelbosque.controller.TestFileManager" name="verificaQuelasInstanciasSenIguales"/>
  <testcase time="0.076" classname="co.edu.uelbosque.controller.TestFileManager" name="verificaQuelasInstanciasSenIguales"/>
  <testcase time="0.288" classname="co.edu.uelbosque.controller.TestFileManager" name="verificaQuelasInstanciasSenIguales"/>
  <testcase time="0.365" classname="co.edu.uelbosque.controller.TestFileManager" name="verificaQuelasInstanciasSenIguales"/>
  <testcase time="0.418" classname="co.edu.uelbosque.controller.TestFileManager" name="verificaQuelasInstanciasSenIguales"/>
  <testcase time="0.419" classname="co.edu.uelbosque.controller.TestFileManager" name="verificaQuelasInstanciasSenIguales"/>
  <testcase time="0.46" classname="co.edu.uelbosque.controller.TestFileManager" name="verificaQuelasInstanciasSenIguales"/>
  <testcase time="0.461" classname="co.edu.uelbosque.controller.TestFileManager" name="verificaQuelasInstanciasSenIguales"/>
  <testcase time="0.461" classname="co.edu.uelbosque.controller.TestFileManager" name="verificaQuelasInstanciasSenIguales"/>
  <testcase time="0.544" classname="co.edu.uelbosque.controller.TestFileManager" name="verificaQuelasInstanciasSenIguales"/>
  <testcase time="0.614" classname="co.edu.uelbosque.controller.TestFileManager" name="verificaQuelasInstanciasSenIguales"/>
  <testcase time="0.667" classname="co.edu.uelbosque.controller.TestFileManager" name="verificaQuelasInstanciasSenIguales"/>
  <testcase time="0.668" classname="co.edu.uelbosque.controller.TestFileManager" name="verificaQuelasInstanciasSenIguales"/>
  <testcase time="0.668" classname="co.edu.uelbosque.controller.TestFileManager" name="verificaQuelasInstanciasSenIguales"/>
  <testcase time="0.793" classname="co.edu.uelbosque.controller.TestFileManager" name="verificaQuelasInstanciasSenIguales"/>
  <testcase time="0.925" classname="co.edu.uelbosque.controller.TestFileManager" name="verificaQuelasInstanciasSenIguales"/>
  <testcase time="0.935" classname="co.edu.uelbosque.controller.TestFileManager" name="verificaQuelasInstanciasSenIguales"/>
  <testcase time="0.997" classname="co.edu.uelbosque.controller.TestFileManager" name="verificaQuelasInstanciasSenIguales"/>
  <testcase time="1.378" classname="co.edu.uelbosque.controller.TestFileManager" name="verificaQuelasInstanciasSenIguales"/>
  <testcase time="1.399" classname="co.edu.uelbosque.controller.TestFileManager" name="verificaQuelasInstanciasSenIguales"/>
  <testcase time="1.441" classname="co.edu.uelbosque.controller.TestFileManager" name="verificaQuelasInstanciasSenIguales"/>
  <testcase time="1.503" classname="co.edu.uelbosque.controller.TestFileManager" name="verificaQuelasInstanciasSenIguales"/>
  <testcase time="1.618" classname="co.edu.uelbosque.controller.TestFileManager" name="verificaQuelasInstanciasSenIguales"/>
  <testcase time="1.618" classname="co.edu.uelbosque.controller.TestFileManager" name="verificaQuelasInstanciasSenIguales"/>
  <testcase time="1.648" classname="co.edu.uelbosque.controller.TestFileManager" name="verificaQuelasInstanciasSenIguales"/>
  <testcase time="1.752" classname="co.edu.uelbosque.controller.TestFileManager" name="verificaQuelasInstanciasSenIguales"/>
  <testcase time="1.821" classname="co.edu.uelbosque.controller.TestFileManager" name="verificaQuelasInstanciasSenIguales"/>
  <testcase time="1.821" classname="co.edu.uelbosque.controller.TestFileManager" name="verificaQuelasInstanciasSenIguales"/>
  <testcase time="1.822" classname="co.edu.uelbosque.controller.TestFileManager" name="verificaQuelasInstanciasSenIguales"/>
  <testcase time="1.906" classname="co.edu.uelbosque.controller.TestFileManager" name="verificaQuelasInstanciasSenIguales"/>
  <testcase time="1.947" classname="co.edu.uelbosque.controller.TestFileManager" name="verificaQuelasInstanciasSenIguales"/>
  <testcase time="2.071" classname="co.edu.uelbosque.controller.TestFileManager" name="verificaQuelasInstanciasSenIguales"/>
  <testcase time="2.155" classname="co.edu.uelbosque.controller.TestFileManager" name="verificaQuelasInstanciasSenIguales"/>
  <testcase time="2.155" classname="co.edu.uelbosque.controller.TestFileManager" name="verificaQuelasInstanciasSenIguales"/>
  <testcase time="2.155" classname="co.edu.uelbosque.controller.TestFileManager" name="verificaQuelasInstanciasSenIguales"/>
  <testcase time="2.195" classname="co.edu.uelbosque.controller.TestFileManager" name="verificaQuelasInstanciasSenIguales"/>
  <testcase time="2.282" classname="co.edu.uelbosque.controller.TestFileManager" name="verificaQuelasInstanciasSenIguales"/>
  <testcase time="2.282" classname="co.edu.uelbosque.controller.TestFileManager" name="verificaQuelasInstanciasSenIguales"/>
  <testcase time="2.411" classname="co.edu.uelbosque.controller.TestFileManager" name="verificaQuelasInstanciasSenIguales"/>
  <testcase time="2.412" classname="co.edu.uelbosque.controller.TestFileManager" name="verificaQuelasInstanciasSenIguales"/>
  <testcase time="2.412" classname="co.edu.uelbosque.controller.TestFileManager" name="verificaQuelasInstanciasSenIguales"/>
  <testcase time="2.539" classname="co.edu.uelbosque.controller.TestFileManager" name="verificaQuelasInstanciasSenIguales"/>
  <testcase time="2.54" classname="co.edu.uelbosque.controller.TestFileManager" name="verificaQuelasInstanciasSenIguales"/>
  <testcase time="2.576" classname="co.edu.uelbosque.controller.TestFileManager" name="verificaQuelasInstanciasSenIguales"/>
  <testcase time="2.577" classname="co.edu.uelbosque.controller.TestFileManager" name="verificaQuelasInstanciasSenIguales"/>
  <testcase time="2.66" classname="co.edu.uelbosque.controller.TestFileManager" name="verificaQuelasInstanciasSenIguales"/>
  <testcase time="2.661" classname="co.edu.uelbosque.controller.TestFileManager" name="verificaQuelasInstanciasSenIguales"/>
  <testcase time="2.661" classname="co.edu.uelbosque.controller.TestFileManager" name="verificaQuelasInstanciasSenIguales"/>
  <testcase time="2.703" classname="co.edu.uelbosque.controller.TestFileManager" name="verificaQuelasInstanciasSenIguales"/>
  <testcase time="2.918" classname="co.edu.uelbosque.controller.TestFileManager" name="verificaQuelasInstanciasSenIguales"/>
  <testcase time="2.918" classname="co.edu.uelbosque.controller.TestFileManager" name="verificaQuelasInstanciasSenIguales"/>
  <testcase time="2.992" classname="co.edu.uelbosque.controller.TestFileManager" name="verificaQuelasInstanciasSenIguales"/>
  <testcase time="3.046" classname="co.edu.uelbosque.controller.TestFileManager" name="verificaQuelasInstanciasSenIguales"/>
  <testcase time="3.046" classname="co.edu.uelbosque.controller.TestFileManager" name="verificaQuelasInstanciasSenIguales"/>
  <testcase time="3.046" classname="co.edu.uelbosque.controller.TestFileManager" name="verificaQuelasInstanciasSenIguales"/>
  <testcase time="3.082" classname="co.edu.uelbosque.controller.TestFileManager" name="verificaQuelasInstanciasSenIguales"/>
  <testcase time="3.083" classname="co.edu.uelbosque.controller.TestFileManager" name="verificaQuelasInstanciasSenIguales"/>
  <testcase time="3.112" classname="co.edu.uelbosque.controller.TestFileManager" name="verificaQuelasInstanciasSenIguales"/>
  <testcase time="3.112" classname="co.edu.uelbosque.controller.TestFileManager" name="verificaQuelasInstanciasSenIguales"/>
  <testcase time="3.167" classname="co.edu.uelbosque.controller.TestFileManager" name="verificaQuelasInstanciasSenIguales"/>
  <testcase time="3.241" classname="co.edu.uelbosque.controller.TestFileManager" name="verificaQuelasInstanciasSenIguales"/>
  <testcase time="3.369" classname="co.edu.uelbosque.controller.TestFileManager" name="verificaQuelasInstanciasSenIguales"/>
  <testcase time="3.369" classname="co.edu.uelbosque.controller.TestFileManager" name="verificaQuelasInstanciasSenIguales"/>
  <testcase time="3.369" classname="co.edu.uelbosque.controller.TestFileManager" name="verificaQuelasInstanciasSenIguales"/>
  <testcase time="3.49" classname="co.edu.uelbosque.controller.TestFileManager" name="verificaQuelasInstanciasSenIguales"/>
  <testcase time="3.619" classname="co.edu.uelbosque.controller.TestFileManager" name="verificaQuelasInstanciasSenIguales"/>
  <testcase time="3.619" classname="co.edu.uelbosque.controller.TestFileManager" name="verificaQuelasInstanciasSenIguales"/>
  <testcase time="3.619" classname="co.edu.uelbosque.controller.TestFileManager" name="verificaQuelasInstanciasSenIguales"/>
  <testcase time="3.801" classname="co.edu.uelbosque.controller.TestFileManager" name="verificaQuelasInstanciasSenIguales"/>
  <testcase time="3.814" classname="co.edu.uelbosque.controller.TestFileManager" name="verificaQuelasInstanciasSenIguales"/>
  <testcase time="3.942" classname="co.edu.uelbosque.controller.TestFileManager" name="verificaQuelasInstanciasSenIguales"/>
  <testcase time="4.004" classname="co.edu.uelbosque.controller.TestFileManager" name="verificaQuelasInstanciasSenIguales"/>
  <testcase time="4.025" classname="co.edu.uelbosque.controller.TestFileManager" name="verificaQuelasInstanciasSenIguales"/>
  <testcase time="4.064" classname="co.edu.uelbosque.controller.TestFileManager" name="verificaQuelasInstanciasSenIguales"/>
  <testcase time="4.125" classname="co.edu.uelbosque.controller.TestFileManager" name="verificaQuelasInstanciasSenIguales"/>
  <testcase time="4.126" classname="co.edu.uelbosque.controller.TestFileManager" name="verificaQuelasInstanciasSenIguales"/>
  <testcase time="4.126" classname="co.edu.uelbosque.controller.TestFileManager" name="verificaQuelasInstanciasSenIguales"/>
  <testcase time="4.252" classname="co.edu.uelbosque.controller.TestFileManager" name="verificaQuelasInstanciasSenIguales"/>
  <testcase time="4.275" classname="co.edu.uelbosque.controller.TestFileManager" name="verificaQuelasInstanciasSenIguales"/>
  <testcase time="4.275" classname="co.edu.uelbosque.controller.TestFileManager" name="verificaQuelasInstanciasSenIguales"/>
  <testcase time="4.32" classname="co.edu.uelbosque.controller.TestFileManager" name="verificaQuelasInstanciasSenIguales"/>
  <testcase time="4.407" classname="co.edu.uelbosque.controller.TestFileManager" name="verificaQuelasInstanciasSenIguales"/>
  <testcase time="4.407" classname="co.edu.uelbosque.controller.TestFileManager" name="verificaQuelasInstanciasSenIguales"/>
  <testcase time="4.407" classname="co.edu.uelbosque.controller.TestFileManager" name="verificaQuelasInstanciasSenIguales"/>
  <testcase time="4.448" classname="co.edu.uelbosque.controller.TestFileManager" name="verificaQuelasInstanciasSenIguales"/>
  <testcase time="4.448" classname="co.edu.uelbosque.controller.TestFileManager" name="verificaQuelasInstanciasSenIguales"/>
  <testcase time="4.448" classname="co.edu.uelbosque.controller.TestFileManager" name="verificaQuelasInstanciasSenIguales"/>
  <testcase time="4.697" classname="co.edu.uelbosque.controller.TestFileManager" name="verificaQuelasInstanciasSenIguales"/>
  <testcase time="4.826" classname="co.edu.uelbosque.controller.TestFileManager" name="verificaQuelasInstanciasSenIguales"/>
  <testcase time="4.827" classname="co.edu.uelbosque.controller.TestFileManager" name="verificaQuelasInstanciasSenIguales"/>
  <testcase time="4.912" classname="co.edu.uelbosque.controller.TestFileManager" name="verificaQuelasInstanciasSenIguales"/>
  <testcase time="4.912" classname="co.edu.uelbosque.controller.TestFileManager" name="verificaQuelasInstanciasSenIguales"/>
  <testcase time="4.954" classname="co.edu.uelbosque.controller.TestFileManager" name="verificaQuelasInstanciasSenIguales"/>
  <testcase time="4.955" classname="co.edu.uelbosque.controller.TestFileManager" name="verificaQuelasInstanciasSenIguales"/>
  <testcase time="4.955" classname="co.edu.uelbosque.controller.TestFileManager" name="verificaQuelasInstanciasSenIguales"/>
</testsuite>