<?xml version="1.0" encoding="UTF-8" ?>
<testsuite failures="0" time="11.881" errors="0" skipped="0" tests="101" name="co.edu.uelbosque.controller.TestFileManager">
  <properties>
    <property name="java.runtime.name" value="Java(TM) SE Runtime Environment"/>
    <property name="sun.boot.library.path" value="/usr/local/lib/jdk1.7.0_55/jre/lib/amd64"/>
    <property name="java.vm.version" value="24.55-b03"/>
    <property name="java.vm.vendor" value="Oracle Corporation"/>
    <property name="java.vendor.url" value="http://java.oracle.com/"/>
    <property name="path.separator" value=":"/>
    <property name="guice.disable.misplaced.annotation.check" value="true"/>
    <property name="java.vm.name" value="Java HotSpot(TM) 64-Bit Server VM"/>
    <property name="file.encoding.pkg" value="sun.io"/>
    <property name="user.country" value="CO"/>
    <property name="sun.java.launcher" value="SUN_STANDARD"/>
    <property name="sun.os.patch.level" value="unknown"/>
    <property name="java.vm.specification.name" value="Java Virtual Machine Specification"/>
    <property name="user.dir" value="/home/aleon/NetBeansProjects/BigImageServlet"/>
    <property name="java.runtime.version" value="1.7.0_55-b13"/>
    <property name="java.awt.graphicsenv" value="sun.awt.X11GraphicsEnvironment"/>
    <property name="java.endorsed.dirs" value="/usr/local/lib/jdk1.7.0_55/jre/lib/endorsed"/>
    <property name="os.arch" value="amd64"/>
    <property name="java.io.tmpdir" value="/tmp"/>
    <property name="line.separator" value="
"/>
    <property name="java.vm.specification.vendor" value="Oracle Corporation"/>
    <property name="os.name" value="Linux"/>
    <property name="maven.ext.class.path" value="/home/aleon/netbeans-8.0/java/maven-nblib/netbeans-eventspy.jar"/>
    <property name="classworlds.conf" value="/home/aleon/netbeans-8.0/java/maven/bin/m2.conf"/>
    <property name="sun.jnu.encoding" value="UTF-8"/>
    <property name="java.library.path" value="/usr/local/lib/jdk1.7.0_55/jre/lib/amd64:/usr/local/lib/jdk1.7.0_55/jre/lib/i386::/usr/java/packages/lib/amd64:/usr/lib64:/lib64:/lib:/usr/lib"/>
    <property name="java.specification.name" value="Java Platform API Specification"/>
    <property name="java.class.version" value="51.0"/>
    <property name="sun.management.compiler" value="HotSpot 64-Bit Tiered Compilers"/>
    <property name="os.version" value="3.11.0-26-generic"/>
    <property name="user.home" value="/home/aleon"/>
    <property name="user.timezone" value="America/Bogota"/>
    <property name="java.awt.printerjob" value="sun.print.PSPrinterJob"/>
    <property name="file.encoding" value="UTF-8"/>
    <property name="java.specification.version" value="1.7"/>
    <property name="user.name" value="aleon"/>
    <property name="java.class.path" value="/home/aleon/netbeans-8.0/java/maven/boot/plexus-classworlds-2.4.jar"/>
    <property name="java.vm.specification.version" value="1.7"/>
    <property name="sun.arch.data.model" value="64"/>
    <property name="java.home" value="/usr/local/lib/jdk1.7.0_55/jre"/>
    <property name="sun.java.command" value="org.codehaus.plexus.classworlds.launcher.Launcher -Dmaven.ext.class.path=/home/aleon/netbeans-8.0/java/maven-nblib/netbeans-eventspy.jar clean install"/>
    <property name="java.specification.vendor" value="Oracle Corporation"/>
    <property name="user.language" value="es"/>
    <property name="awt.toolkit" value="sun.awt.X11.XToolkit"/>
    <property name="java.vm.info" value="mixed mode"/>
    <property name="java.version" value="1.7.0_55"/>
    <property name="java.ext.dirs" value="/usr/local/lib/jdk1.7.0_55/jre/lib/ext:/usr/java/packages/lib/ext"/>
    <property name="securerandom.source" value="file:/dev/./urandom"/>
    <property name="sun.boot.class.path" value="/usr/local/lib/jdk1.7.0_55/jre/lib/resources.jar:/usr/local/lib/jdk1.7.0_55/jre/lib/rt.jar:/usr/local/lib/jdk1.7.0_55/jre/lib/sunrsasign.jar:/usr/local/lib/jdk1.7.0_55/jre/lib/jsse.jar:/usr/local/lib/jdk1.7.0_55/jre/lib/jce.jar:/usr/local/lib/jdk1.7.0_55/jre/lib/charsets.jar:/usr/local/lib/jdk1.7.0_55/jre/lib/jfr.jar:/usr/local/lib/jdk1.7.0_55/jre/classes"/>
    <property name="java.vendor" value="Oracle Corporation"/>
    <property name="maven.home" value="/home/aleon/netbeans-8.0/java/maven"/>
    <property name="file.separator" value="/"/>
    <property name="java.vendor.url.bug" value="http://bugreport.sun.com/bugreport/"/>
    <property name="sun.cpu.endian" value="little"/>
    <property name="sun.io.unicode.encoding" value="UnicodeLittle"/>
    <property name="sun.desktop" value="gnome"/>
    <property name="sun.cpu.isalist" value=""/>
  </properties>
  <testcase time="4.213" classname="co.edu.uelbosque.controller.TestFileManager" name="debeCrearUnBufferDeLaImagen"/>
  <testcase time="0.004" classname="co.edu.uelbosque.controller.TestFileManager" name="verificaQuelasInstanciasSenIguales"/>
  <testcase time="0.058" classname="co.edu.uelbosque.controller.TestFileManager" name="verificaQuelasInstanciasSenIguales"/>
  <testcase time="0.058" classname="co.edu.uelbosque.controller.TestFileManager" name="verificaQuelasInstanciasSenIguales"/>
  <testcase time="0.134" classname="co.edu.uelbosque.controller.TestFileManager" name="verificaQuelasInstanciasSenIguales"/>
  <testcase time="0.22" classname="co.edu.uelbosque.controller.TestFileManager" name="verificaQuelasInstanciasSenIguales"/>
  <testcase time="0.29" classname="co.edu.uelbosque.controller.TestFileManager" name="verificaQuelasInstanciasSenIguales"/>
  <testcase time="0.291" classname="co.edu.uelbosque.controller.TestFileManager" name="verificaQuelasInstanciasSenIguales"/>
  <testcase time="0.469" classname="co.edu.uelbosque.controller.TestFileManager" name="verificaQuelasInstanciasSenIguales"/>
  <testcase time="0.469" classname="co.edu.uelbosque.controller.TestFileManager" name="verificaQuelasInstanciasSenIguales"/>
  <testcase time="0.469" classname="co.edu.uelbosque.controller.TestFileManager" name="verificaQuelasInstanciasSenIguales"/>
  <testcase time="0.51" classname="co.edu.uelbosque.controller.TestFileManager" name="verificaQuelasInstanciasSenIguales"/>
  <testcase time="0.51" classname="co.edu.uelbosque.controller.TestFileManager" name="verificaQuelasInstanciasSenIguales"/>
  <testcase time="0.51" classname="co.edu.uelbosque.controller.TestFileManager" name="verificaQuelasInstanciasSenIguales"/>
  <testcase time="0.539" classname="co.edu.uelbosque.controller.TestFileManager" name="verificaQuelasInstanciasSenIguales"/>
  <testcase time="0.539" classname="co.edu.uelbosque.controller.TestFileManager" name="verificaQuelasInstanciasSenIguales"/>
  <testcase time="0.54" classname="co.edu.uelbosque.controller.TestFileManager" name="verificaQuelasInstanciasSenIguales"/>
  <testcase time="0.594" classname="co.edu.uelbosque.controller.TestFileManager" name="verificaQuelasInstanciasSenIguales"/>
  <testcase time="0.594" classname="co.edu.uelbosque.controller.TestFileManager" name="verificaQuelasInstanciasSenIguales"/>
  <testcase time="0.594" classname="co.edu.uelbosque.controller.TestFileManager" name="verificaQuelasInstanciasSenIguales"/>
  <testcase time="0.85" classname="co.edu.uelbosque.controller.TestFileManager" name="verificaQuelasInstanciasSenIguales"/>
  <testcase time="0.975" classname="co.edu.uelbosque.controller.TestFileManager" name="verificaQuelasInstanciasSenIguales"/>
  <testcase time="0.975" classname="co.edu.uelbosque.controller.TestFileManager" name="verificaQuelasInstanciasSenIguales"/>
  <testcase time="0.975" classname="co.edu.uelbosque.controller.TestFileManager" name="verificaQuelasInstanciasSenIguales"/>
  <testcase time="1.047" classname="co.edu.uelbosque.controller.TestFileManager" name="verificaQuelasInstanciasSenIguales"/>
  <testcase time="1.101" classname="co.edu.uelbosque.controller.TestFileManager" name="verificaQuelasInstanciasSenIguales"/>
  <testcase time="1.101" classname="co.edu.uelbosque.controller.TestFileManager" name="verificaQuelasInstanciasSenIguales"/>
  <testcase time="1.231" classname="co.edu.uelbosque.controller.TestFileManager" name="verificaQuelasInstanciasSenIguales"/>
  <testcase time="1.232" classname="co.edu.uelbosque.controller.TestFileManager" name="verificaQuelasInstanciasSenIguales"/>
  <testcase time="1.241" classname="co.edu.uelbosque.controller.TestFileManager" name="verificaQuelasInstanciasSenIguales"/>
  <testcase time="1.242" classname="co.edu.uelbosque.controller.TestFileManager" name="verificaQuelasInstanciasSenIguales"/>
  <testcase time="1.481" classname="co.edu.uelbosque.controller.TestFileManager" name="verificaQuelasInstanciasSenIguales"/>
  <testcase time="1.481" classname="co.edu.uelbosque.controller.TestFileManager" name="verificaQuelasInstanciasSenIguales"/>
  <testcase time="1.482" classname="co.edu.uelbosque.controller.TestFileManager" name="verificaQuelasInstanciasSenIguales"/>
  <testcase time="1.482" classname="co.edu.uelbosque.controller.TestFileManager" name="verificaQuelasInstanciasSenIguales"/>
  <testcase time="1.482" classname="co.edu.uelbosque.controller.TestFileManager" name="verificaQuelasInstanciasSenIguales"/>
  <testcase time="1.482" classname="co.edu.uelbosque.controller.TestFileManager" name="verificaQuelasInstanciasSenIguales"/>
  <testcase time="1.621" classname="co.edu.uelbosque.controller.TestFileManager" name="verificaQuelasInstanciasSenIguales"/>
  <testcase time="1.705" classname="co.edu.uelbosque.controller.TestFileManager" name="verificaQuelasInstanciasSenIguales"/>
  <testcase time="1.87" classname="co.edu.uelbosque.controller.TestFileManager" name="verificaQuelasInstanciasSenIguales"/>
  <testcase time="1.871" classname="co.edu.uelbosque.controller.TestFileManager" name="verificaQuelasInstanciasSenIguales"/>
  <testcase time="1.997" classname="co.edu.uelbosque.controller.TestFileManager" name="verificaQuelasInstanciasSenIguales"/>
  <testcase time="2.129" classname="co.edu.uelbosque.controller.TestFileManager" name="verificaQuelasInstanciasSenIguales"/>
  <testcase time="2.129" classname="co.edu.uelbosque.controller.TestFileManager" name="verificaQuelasInstanciasSenIguales"/>
  <testcase time="2.34" classname="co.edu.uelbosque.controller.TestFileManager" name="verificaQuelasInstanciasSenIguales"/>
  <testcase time="2.377" classname="co.edu.uelbosque.controller.TestFileManager" name="verificaQuelasInstanciasSenIguales"/>
  <testcase time="2.378" classname="co.edu.uelbosque.controller.TestFileManager" name="verificaQuelasInstanciasSenIguales"/>
  <testcase time="2.378" classname="co.edu.uelbosque.controller.TestFileManager" name="verificaQuelasInstanciasSenIguales"/>
  <testcase time="2.431" classname="co.edu.uelbosque.controller.TestFileManager" name="verificaQuelasInstanciasSenIguales"/>
  <testcase time="2.431" classname="co.edu.uelbosque.controller.TestFileManager" name="verificaQuelasInstanciasSenIguales"/>
  <testcase time="2.431" classname="co.edu.uelbosque.controller.TestFileManager" name="verificaQuelasInstanciasSenIguales"/>
  <testcase time="2.432" classname="co.edu.uelbosque.controller.TestFileManager" name="verificaQuelasInstanciasSenIguales"/>
  <testcase time="2.588" classname="co.edu.uelbosque.controller.TestFileManager" name="verificaQuelasInstanciasSenIguales"/>
  <testcase time="2.635" classname="co.edu.uelbosque.controller.TestFileManager" name="verificaQuelasInstanciasSenIguales"/>
  <testcase time="2.635" classname="co.edu.uelbosque.controller.TestFileManager" name="verificaQuelasInstanciasSenIguales"/>
  <testcase time="2.664" classname="co.edu.uelbosque.controller.TestFileManager" name="verificaQuelasInstanciasSenIguales"/>
  <testcase time="2.665" classname="co.edu.uelbosque.controller.TestFileManager" name="verificaQuelasInstanciasSenIguales"/>
  <testcase time="2.718" classname="co.edu.uelbosque.controller.TestFileManager" name="verificaQuelasInstanciasSenIguales"/>
  <testcase time="2.718" classname="co.edu.uelbosque.controller.TestFileManager" name="verificaQuelasInstanciasSenIguales"/>
  <testcase time="2.719" classname="co.edu.uelbosque.controller.TestFileManager" name="verificaQuelasInstanciasSenIguales"/>
  <testcase time="2.719" classname="co.edu.uelbosque.controller.TestFileManager" name="verificaQuelasInstanciasSenIguales"/>
  <testcase time="2.719" classname="co.edu.uelbosque.controller.TestFileManager" name="verificaQuelasInstanciasSenIguales"/>
  <testcase time="2.719" classname="co.edu.uelbosque.controller.TestFileManager" name="verificaQuelasInstanciasSenIguales"/>
  <testcase time="2.727" classname="co.edu.uelbosque.controller.TestFileManager" name="verificaQuelasInstanciasSenIguales"/>
  <testcase time="2.759" classname="co.edu.uelbosque.controller.TestFileManager" name="verificaQuelasInstanciasSenIguales"/>
  <testcase time="2.884" classname="co.edu.uelbosque.controller.TestFileManager" name="verificaQuelasInstanciasSenIguales"/>
  <testcase time="2.884" classname="co.edu.uelbosque.controller.TestFileManager" name="verificaQuelasInstanciasSenIguales"/>
  <testcase time="2.884" classname="co.edu.uelbosque.controller.TestFileManager" name="verificaQuelasInstanciasSenIguales"/>
  <testcase time="2.968" classname="co.edu.uelbosque.controller.TestFileManager" name="verificaQuelasInstanciasSenIguales"/>
  <testcase time="3.008" classname="co.edu.uelbosque.controller.TestFileManager" name="verificaQuelasInstanciasSenIguales"/>
  <testcase time="3.094" classname="co.edu.uelbosque.controller.TestFileManager" name="verificaQuelasInstanciasSenIguales"/>
  <testcase time="3.225" classname="co.edu.uelbosque.controller.TestFileManager" name="verificaQuelasInstanciasSenIguales"/>
  <testcase time="3.352" classname="co.edu.uelbosque.controller.TestFileManager" name="verificaQuelasInstanciasSenIguales"/>
  <testcase time="3.352" classname="co.edu.uelbosque.controller.TestFileManager" name="verificaQuelasInstanciasSenIguales"/>
  <testcase time="3.352" classname="co.edu.uelbosque.controller.TestFileManager" name="verificaQuelasInstanciasSenIguales"/>
  <testcase time="3.352" classname="co.edu.uelbosque.controller.TestFileManager" name="verificaQuelasInstanciasSenIguales"/>
  <testcase time="3.474" classname="co.edu.uelbosque.controller.TestFileManager" name="verificaQuelasInstanciasSenIguales"/>
  <testcase time="3.602" classname="co.edu.uelbosque.controller.TestFileManager" name="verificaQuelasInstanciasSenIguales"/>
  <testcase time="4.108" classname="co.edu.uelbosque.controller.TestFileManager" name="verificaQuelasInstanciasSenIguales"/>
  <testcase time="4.108" classname="co.edu.uelbosque.controller.TestFileManager" name="verificaQuelasInstanciasSenIguales"/>
  <testcase time="4.108" classname="co.edu.uelbosque.controller.TestFileManager" name="verificaQuelasInstanciasSenIguales"/>
  <testcase time="4.108" classname="co.edu.uelbosque.controller.TestFileManager" name="verificaQuelasInstanciasSenIguales"/>
  <testcase time="4.108" classname="co.edu.uelbosque.controller.TestFileManager" name="verificaQuelasInstanciasSenIguales"/>
  <testcase time="4.109" classname="co.edu.uelbosque.controller.TestFileManager" name="verificaQuelasInstanciasSenIguales"/>
  <testcase time="4.12" classname="co.edu.uelbosque.controller.TestFileManager" name="verificaQuelasInstanciasSenIguales"/>
  <testcase time="4.121" classname="co.edu.uelbosque.controller.TestFileManager" name="verificaQuelasInstanciasSenIguales"/>
  <testcase time="4.248" classname="co.edu.uelbosque.controller.TestFileManager" name="verificaQuelasInstanciasSenIguales"/>
  <testcase time="4.248" classname="co.edu.uelbosque.controller.TestFileManager" name="verificaQuelasInstanciasSenIguales"/>
  <testcase time="4.303" classname="co.edu.uelbosque.controller.TestFileManager" name="verificaQuelasInstanciasSenIguales"/>
  <testcase time="4.303" classname="co.edu.uelbosque.controller.TestFileManager" name="verificaQuelasInstanciasSenIguales"/>
  <testcase time="4.303" classname="co.edu.uelbosque.controller.TestFileManager" name="verificaQuelasInstanciasSenIguales"/>
  <testcase time="4.303" classname="co.edu.uelbosque.controller.TestFileManager" name="verificaQuelasInstanciasSenIguales"/>
  <testcase time="4.303" classname="co.edu.uelbosque.controller.TestFileManager" name="verificaQuelasInstanciasSenIguales"/>
  <testcase time="4.303" classname="co.edu.uelbosque.controller.TestFileManager" name="verificaQuelasInstanciasSenIguales"/>
  <testcase time="4.304" classname="co.edu.uelbosque.controller.TestFileManager" name="verificaQuelasInstanciasSenIguales"/>
  <testcase time="4.37" classname="co.edu.uelbosque.controller.TestFileManager" name="verificaQuelasInstanciasSenIguales"/>
  <testcase time="4.497" classname="co.edu.uelbosque.controller.TestFileManager" name="verificaQuelasInstanciasSenIguales"/>
  <testcase time="4.498" classname="co.edu.uelbosque.controller.TestFileManager" name="verificaQuelasInstanciasSenIguales"/>
  <testcase time="4.714" classname="co.edu.uelbosque.controller.TestFileManager" name="verificaQuelasInstanciasSenIguales"/>
  <testcase time="4.754" classname="co.edu.uelbosque.controller.TestFileManager" name="verificaQuelasInstanciasSenIguales"/>
  <testcase time="4.877" classname="co.edu.uelbosque.controller.TestFileManager" name="verificaQuelasInstanciasSenIguales"/>
</testsuite>