<?xml version="1.0" encoding="UTF-8" ?>
<testsuite failures="1" time="112.036" errors="0" skipped="0" tests="101" name="co.edu.uelbosque.controller.TestFileManager">
  <properties>
    <property name="java.runtime.name" value="Java(TM) SE Runtime Environment"/>
    <property name="sun.boot.library.path" value="/usr/local/lib/jdk1.7.0_55/jre/lib/amd64"/>
    <property name="java.vm.version" value="24.55-b03"/>
    <property name="java.vm.vendor" value="Oracle Corporation"/>
    <property name="java.vendor.url" value="http://java.oracle.com/"/>
    <property name="path.separator" value=":"/>
    <property name="guice.disable.misplaced.annotation.check" value="true"/>
    <property name="java.vm.name" value="Java HotSpot(TM) 64-Bit Server VM"/>
    <property name="file.encoding.pkg" value="sun.io"/>
    <property name="user.country" value="CO"/>
    <property name="sun.java.launcher" value="SUN_STANDARD"/>
    <property name="sun.os.patch.level" value="unknown"/>
    <property name="java.vm.specification.name" value="Java Virtual Machine Specification"/>
    <property name="user.dir" value="/home/aleon/NetBeansProjects/UnitTestServler"/>
    <property name="java.runtime.version" value="1.7.0_55-b13"/>
    <property name="java.awt.graphicsenv" value="sun.awt.X11GraphicsEnvironment"/>
    <property name="java.endorsed.dirs" value="/usr/local/lib/jdk1.7.0_55/jre/lib/endorsed"/>
    <property name="os.arch" value="amd64"/>
    <property name="java.io.tmpdir" value="/tmp"/>
    <property name="line.separator" value="
"/>
    <property name="java.vm.specification.vendor" value="Oracle Corporation"/>
    <property name="os.name" value="Linux"/>
    <property name="maven.ext.class.path" value="/home/aleon/netbeans-8.0/java/maven-nblib/netbeans-eventspy.jar"/>
    <property name="classworlds.conf" value="/home/aleon/netbeans-8.0/java/maven/bin/m2.conf"/>
    <property name="sun.jnu.encoding" value="UTF-8"/>
    <property name="java.library.path" value="/usr/local/lib/jdk1.7.0_55/jre/lib/amd64:/usr/local/lib/jdk1.7.0_55/jre/lib/i386::/usr/java/packages/lib/amd64:/usr/lib64:/lib64:/lib:/usr/lib"/>
    <property name="java.specification.name" value="Java Platform API Specification"/>
    <property name="java.class.version" value="51.0"/>
    <property name="sun.management.compiler" value="HotSpot 64-Bit Tiered Compilers"/>
    <property name="os.version" value="3.11.0-26-generic"/>
    <property name="user.home" value="/home/aleon"/>
    <property name="user.timezone" value="America/Bogota"/>
    <property name="java.awt.printerjob" value="sun.print.PSPrinterJob"/>
    <property name="file.encoding" value="UTF-8"/>
    <property name="java.specification.version" value="1.7"/>
    <property name="user.name" value="aleon"/>
    <property name="java.class.path" value="/home/aleon/netbeans-8.0/java/maven/boot/plexus-classworlds-2.4.jar"/>
    <property name="java.vm.specification.version" value="1.7"/>
    <property name="sun.arch.data.model" value="64"/>
    <property name="java.home" value="/usr/local/lib/jdk1.7.0_55/jre"/>
    <property name="sun.java.command" value="org.codehaus.plexus.classworlds.launcher.Launcher -Dmaven.ext.class.path=/home/aleon/netbeans-8.0/java/maven-nblib/netbeans-eventspy.jar clean install"/>
    <property name="java.specification.vendor" value="Oracle Corporation"/>
    <property name="user.language" value="es"/>
    <property name="awt.toolkit" value="sun.awt.X11.XToolkit"/>
    <property name="java.vm.info" value="mixed mode"/>
    <property name="java.version" value="1.7.0_55"/>
    <property name="java.ext.dirs" value="/usr/local/lib/jdk1.7.0_55/jre/lib/ext:/usr/java/packages/lib/ext"/>
    <property name="securerandom.source" value="file:/dev/./urandom"/>
    <property name="sun.boot.class.path" value="/usr/local/lib/jdk1.7.0_55/jre/lib/resources.jar:/usr/local/lib/jdk1.7.0_55/jre/lib/rt.jar:/usr/local/lib/jdk1.7.0_55/jre/lib/sunrsasign.jar:/usr/local/lib/jdk1.7.0_55/jre/lib/jsse.jar:/usr/local/lib/jdk1.7.0_55/jre/lib/jce.jar:/usr/local/lib/jdk1.7.0_55/jre/lib/charsets.jar:/usr/local/lib/jdk1.7.0_55/jre/lib/jfr.jar:/usr/local/lib/jdk1.7.0_55/jre/classes"/>
    <property name="java.vendor" value="Oracle Corporation"/>
    <property name="maven.home" value="/home/aleon/netbeans-8.0/java/maven"/>
    <property name="file.separator" value="/"/>
    <property name="java.vendor.url.bug" value="http://bugreport.sun.com/bugreport/"/>
    <property name="sun.cpu.endian" value="little"/>
    <property name="sun.io.unicode.encoding" value="UnicodeLittle"/>
    <property name="sun.desktop" value="gnome"/>
    <property name="sun.cpu.isalist" value=""/>
  </properties>
  <testcase time="104.758" classname="co.edu.uelbosque.controller.TestFileManager" name="debeCrearUnBufferDeLaImagen">
    <failure message="Java heap space" type="java.lang.OutOfMemoryError">java.lang.OutOfMemoryError: Java heap space
	at java.util.Arrays.copyOf(Arrays.java:2271)
	at java.io.ByteArrayOutputStream.grow(ByteArrayOutputStream.java:113)
	at java.io.ByteArrayOutputStream.ensureCapacity(ByteArrayOutputStream.java:93)
	at java.io.ByteArrayOutputStream.write(ByteArrayOutputStream.java:122)
	at co.edu.uelbosque.controller.ImageManager.getImage(ImageManager.java:49)
	at co.edu.uelbosque.controller.TestFileManager.debeCrearUnBufferDeLaImagen(TestFileManager.java:45)
</failure>
  </testcase>
  <testcase time="0.169" classname="co.edu.uelbosque.controller.TestFileManager" name="verificaQuelasInstanciasSenIguales"/>
  <testcase time="0.17" classname="co.edu.uelbosque.controller.TestFileManager" name="verificaQuelasInstanciasSenIguales"/>
  <testcase time="0.17" classname="co.edu.uelbosque.controller.TestFileManager" name="verificaQuelasInstanciasSenIguales"/>
  <testcase time="0.17" classname="co.edu.uelbosque.controller.TestFileManager" name="verificaQuelasInstanciasSenIguales"/>
  <testcase time="0.17" classname="co.edu.uelbosque.controller.TestFileManager" name="verificaQuelasInstanciasSenIguales"/>
  <testcase time="0.17" classname="co.edu.uelbosque.controller.TestFileManager" name="verificaQuelasInstanciasSenIguales"/>
  <testcase time="0.17" classname="co.edu.uelbosque.controller.TestFileManager" name="verificaQuelasInstanciasSenIguales"/>
  <testcase time="0.177" classname="co.edu.uelbosque.controller.TestFileManager" name="verificaQuelasInstanciasSenIguales"/>
  <testcase time="0.396" classname="co.edu.uelbosque.controller.TestFileManager" name="verificaQuelasInstanciasSenIguales"/>
  <testcase time="0.397" classname="co.edu.uelbosque.controller.TestFileManager" name="verificaQuelasInstanciasSenIguales"/>
  <testcase time="0.397" classname="co.edu.uelbosque.controller.TestFileManager" name="verificaQuelasInstanciasSenIguales"/>
  <testcase time="0.404" classname="co.edu.uelbosque.controller.TestFileManager" name="verificaQuelasInstanciasSenIguales"/>
  <testcase time="0.433" classname="co.edu.uelbosque.controller.TestFileManager" name="verificaQuelasInstanciasSenIguales"/>
  <testcase time="0.561" classname="co.edu.uelbosque.controller.TestFileManager" name="verificaQuelasInstanciasSenIguales"/>
  <testcase time="0.561" classname="co.edu.uelbosque.controller.TestFileManager" name="verificaQuelasInstanciasSenIguales"/>
  <testcase time="0.652" classname="co.edu.uelbosque.controller.TestFileManager" name="verificaQuelasInstanciasSenIguales"/>
  <testcase time="0.653" classname="co.edu.uelbosque.controller.TestFileManager" name="verificaQuelasInstanciasSenIguales"/>
  <testcase time="0.653" classname="co.edu.uelbosque.controller.TestFileManager" name="verificaQuelasInstanciasSenIguales"/>
  <testcase time="0.683" classname="co.edu.uelbosque.controller.TestFileManager" name="verificaQuelasInstanciasSenIguales"/>
  <testcase time="0.744" classname="co.edu.uelbosque.controller.TestFileManager" name="verificaQuelasInstanciasSenIguales"/>
  <testcase time="0.809" classname="co.edu.uelbosque.controller.TestFileManager" name="verificaQuelasInstanciasSenIguales"/>
  <testcase time="0.94" classname="co.edu.uelbosque.controller.TestFileManager" name="verificaQuelasInstanciasSenIguales"/>
  <testcase time="0.94" classname="co.edu.uelbosque.controller.TestFileManager" name="verificaQuelasInstanciasSenIguales"/>
  <testcase time="1.067" classname="co.edu.uelbosque.controller.TestFileManager" name="verificaQuelasInstanciasSenIguales"/>
  <testcase time="1.152" classname="co.edu.uelbosque.controller.TestFileManager" name="verificaQuelasInstanciasSenIguales"/>
  <testcase time="1.152" classname="co.edu.uelbosque.controller.TestFileManager" name="verificaQuelasInstanciasSenIguales"/>
  <testcase time="1.188" classname="co.edu.uelbosque.controller.TestFileManager" name="verificaQuelasInstanciasSenIguales"/>
  <testcase time="1.188" classname="co.edu.uelbosque.controller.TestFileManager" name="verificaQuelasInstanciasSenIguales"/>
  <testcase time="1.316" classname="co.edu.uelbosque.controller.TestFileManager" name="verificaQuelasInstanciasSenIguales"/>
  <testcase time="1.316" classname="co.edu.uelbosque.controller.TestFileManager" name="verificaQuelasInstanciasSenIguales"/>
  <testcase time="1.573" classname="co.edu.uelbosque.controller.TestFileManager" name="verificaQuelasInstanciasSenIguales"/>
  <testcase time="1.574" classname="co.edu.uelbosque.controller.TestFileManager" name="verificaQuelasInstanciasSenIguales"/>
  <testcase time="1.853" classname="co.edu.uelbosque.controller.TestFileManager" name="verificaQuelasInstanciasSenIguales"/>
  <testcase time="2.006" classname="co.edu.uelbosque.controller.TestFileManager" name="verificaQuelasInstanciasSenIguales"/>
  <testcase time="2.007" classname="co.edu.uelbosque.controller.TestFileManager" name="verificaQuelasInstanciasSenIguales"/>
  <testcase time="2.233" classname="co.edu.uelbosque.controller.TestFileManager" name="verificaQuelasInstanciasSenIguales"/>
  <testcase time="2.234" classname="co.edu.uelbosque.controller.TestFileManager" name="verificaQuelasInstanciasSenIguales"/>
  <testcase time="2.234" classname="co.edu.uelbosque.controller.TestFileManager" name="verificaQuelasInstanciasSenIguales"/>
  <testcase time="2.482" classname="co.edu.uelbosque.controller.TestFileManager" name="verificaQuelasInstanciasSenIguales"/>
  <testcase time="2.482" classname="co.edu.uelbosque.controller.TestFileManager" name="verificaQuelasInstanciasSenIguales"/>
  <testcase time="2.482" classname="co.edu.uelbosque.controller.TestFileManager" name="verificaQuelasInstanciasSenIguales"/>
  <testcase time="2.482" classname="co.edu.uelbosque.controller.TestFileManager" name="verificaQuelasInstanciasSenIguales"/>
  <testcase time="2.483" classname="co.edu.uelbosque.controller.TestFileManager" name="verificaQuelasInstanciasSenIguales"/>
  <testcase time="2.483" classname="co.edu.uelbosque.controller.TestFileManager" name="verificaQuelasInstanciasSenIguales"/>
  <testcase time="2.483" classname="co.edu.uelbosque.controller.TestFileManager" name="verificaQuelasInstanciasSenIguales"/>
  <testcase time="2.483" classname="co.edu.uelbosque.controller.TestFileManager" name="verificaQuelasInstanciasSenIguales"/>
  <testcase time="2.512" classname="co.edu.uelbosque.controller.TestFileManager" name="verificaQuelasInstanciasSenIguales"/>
  <testcase time="2.523" classname="co.edu.uelbosque.controller.TestFileManager" name="verificaQuelasInstanciasSenIguales"/>
  <testcase time="2.554" classname="co.edu.uelbosque.controller.TestFileManager" name="verificaQuelasInstanciasSenIguales"/>
  <testcase time="2.616" classname="co.edu.uelbosque.controller.TestFileManager" name="verificaQuelasInstanciasSenIguales"/>
  <testcase time="2.641" classname="co.edu.uelbosque.controller.TestFileManager" name="verificaQuelasInstanciasSenIguales"/>
  <testcase time="2.641" classname="co.edu.uelbosque.controller.TestFileManager" name="verificaQuelasInstanciasSenIguales"/>
  <testcase time="2.769" classname="co.edu.uelbosque.controller.TestFileManager" name="verificaQuelasInstanciasSenIguales"/>
  <testcase time="2.803" classname="co.edu.uelbosque.controller.TestFileManager" name="verificaQuelasInstanciasSenIguales"/>
  <testcase time="2.935" classname="co.edu.uelbosque.controller.TestFileManager" name="verificaQuelasInstanciasSenIguales"/>
  <testcase time="2.935" classname="co.edu.uelbosque.controller.TestFileManager" name="verificaQuelasInstanciasSenIguales"/>
  <testcase time="3.029" classname="co.edu.uelbosque.controller.TestFileManager" name="verificaQuelasInstanciasSenIguales"/>
  <testcase time="3.029" classname="co.edu.uelbosque.controller.TestFileManager" name="verificaQuelasInstanciasSenIguales"/>
  <testcase time="3.059" classname="co.edu.uelbosque.controller.TestFileManager" name="verificaQuelasInstanciasSenIguales"/>
  <testcase time="3.06" classname="co.edu.uelbosque.controller.TestFileManager" name="verificaQuelasInstanciasSenIguales"/>
  <testcase time="3.147" classname="co.edu.uelbosque.controller.TestFileManager" name="verificaQuelasInstanciasSenIguales"/>
  <testcase time="3.147" classname="co.edu.uelbosque.controller.TestFileManager" name="verificaQuelasInstanciasSenIguales"/>
  <testcase time="3.183" classname="co.edu.uelbosque.controller.TestFileManager" name="verificaQuelasInstanciasSenIguales"/>
  <testcase time="3.183" classname="co.edu.uelbosque.controller.TestFileManager" name="verificaQuelasInstanciasSenIguales"/>
  <testcase time="3.184" classname="co.edu.uelbosque.controller.TestFileManager" name="verificaQuelasInstanciasSenIguales"/>
  <testcase time="3.279" classname="co.edu.uelbosque.controller.TestFileManager" name="verificaQuelasInstanciasSenIguales"/>
  <testcase time="3.309" classname="co.edu.uelbosque.controller.TestFileManager" name="verificaQuelasInstanciasSenIguales"/>
  <testcase time="3.309" classname="co.edu.uelbosque.controller.TestFileManager" name="verificaQuelasInstanciasSenIguales"/>
  <testcase time="3.44" classname="co.edu.uelbosque.controller.TestFileManager" name="verificaQuelasInstanciasSenIguales"/>
  <testcase time="3.441" classname="co.edu.uelbosque.controller.TestFileManager" name="verificaQuelasInstanciasSenIguales"/>
  <testcase time="3.525" classname="co.edu.uelbosque.controller.TestFileManager" name="verificaQuelasInstanciasSenIguales"/>
  <testcase time="3.565" classname="co.edu.uelbosque.controller.TestFileManager" name="verificaQuelasInstanciasSenIguales"/>
  <testcase time="3.566" classname="co.edu.uelbosque.controller.TestFileManager" name="verificaQuelasInstanciasSenIguales"/>
  <testcase time="3.689" classname="co.edu.uelbosque.controller.TestFileManager" name="verificaQuelasInstanciasSenIguales"/>
  <testcase time="3.689" classname="co.edu.uelbosque.controller.TestFileManager" name="verificaQuelasInstanciasSenIguales"/>
  <testcase time="3.69" classname="co.edu.uelbosque.controller.TestFileManager" name="verificaQuelasInstanciasSenIguales"/>
  <testcase time="3.814" classname="co.edu.uelbosque.controller.TestFileManager" name="verificaQuelasInstanciasSenIguales"/>
  <testcase time="3.814" classname="co.edu.uelbosque.controller.TestFileManager" name="verificaQuelasInstanciasSenIguales"/>
  <testcase time="3.815" classname="co.edu.uelbosque.controller.TestFileManager" name="verificaQuelasInstanciasSenIguales"/>
  <testcase time="4.077" classname="co.edu.uelbosque.controller.TestFileManager" name="verificaQuelasInstanciasSenIguales"/>
  <testcase time="4.195" classname="co.edu.uelbosque.controller.TestFileManager" name="verificaQuelasInstanciasSenIguales"/>
  <testcase time="4.225" classname="co.edu.uelbosque.controller.TestFileManager" name="verificaQuelasInstanciasSenIguales"/>
  <testcase time="4.384" classname="co.edu.uelbosque.controller.TestFileManager" name="verificaQuelasInstanciasSenIguales"/>
  <testcase time="4.86" classname="co.edu.uelbosque.controller.TestFileManager" name="verificaQuelasInstanciasSenIguales"/>
  <testcase time="4.86" classname="co.edu.uelbosque.controller.TestFileManager" name="verificaQuelasInstanciasSenIguales"/>
  <testcase time="4.861" classname="co.edu.uelbosque.controller.TestFileManager" name="verificaQuelasInstanciasSenIguales"/>
  <testcase time="4.861" classname="co.edu.uelbosque.controller.TestFileManager" name="verificaQuelasInstanciasSenIguales"/>
  <testcase time="4.861" classname="co.edu.uelbosque.controller.TestFileManager" name="verificaQuelasInstanciasSenIguales"/>
  <testcase time="4.861" classname="co.edu.uelbosque.controller.TestFileManager" name="verificaQuelasInstanciasSenIguales"/>
  <testcase time="4.861" classname="co.edu.uelbosque.controller.TestFileManager" name="verificaQuelasInstanciasSenIguales"/>
  <testcase time="4.861" classname="co.edu.uelbosque.controller.TestFileManager" name="verificaQuelasInstanciasSenIguales"/>
  <testcase time="4.861" classname="co.edu.uelbosque.controller.TestFileManager" name="verificaQuelasInstanciasSenIguales"/>
  <testcase time="4.861" classname="co.edu.uelbosque.controller.TestFileManager" name="verificaQuelasInstanciasSenIguales"/>
  <testcase time="4.861" classname="co.edu.uelbosque.controller.TestFileManager" name="verificaQuelasInstanciasSenIguales"/>
  <testcase time="4.861" classname="co.edu.uelbosque.controller.TestFileManager" name="verificaQuelasInstanciasSenIguales"/>
  <testcase time="4.861" classname="co.edu.uelbosque.controller.TestFileManager" name="verificaQuelasInstanciasSenIguales"/>
  <testcase time="4.862" classname="co.edu.uelbosque.controller.TestFileManager" name="verificaQuelasInstanciasSenIguales"/>
  <testcase time="4.862" classname="co.edu.uelbosque.controller.TestFileManager" name="verificaQuelasInstanciasSenIguales"/>
  <testcase time="4.897" classname="co.edu.uelbosque.controller.TestFileManager" name="verificaQuelasInstanciasSenIguales"/>
  <testcase time="4.927" classname="co.edu.uelbosque.controller.TestFileManager" name="verificaQuelasInstanciasSenIguales"/>
</testsuite>