<?xml version="1.0" encoding="UTF-8"?>
<!-- Generated by org.testng.reporters.JUnitReportReporter -->
<testsuite hostname="e201-ThinkCentre-M71z" name="co.edu.uelbosque.controller.TestFileManager" tests="101" failures="1" timestamp="27 Aug 2014 02:29:21 GMT" time="370.699" errors="0">
  <testcase name="verificaQuelasInstanciasSenIguales" time="4.102" classname="co.edu.uelbosque.controller.TestFileManager"/>
  <testcase name="verificaQuelasInstanciasSenIguales" time="3.234" classname="co.edu.uelbosque.controller.TestFileManager"/>
  <testcase name="verificaQuelasInstanciasSenIguales" time="2.114" classname="co.edu.uelbosque.controller.TestFileManager"/>
  <testcase name="verificaQuelasInstanciasSenIguales" time="3.347" classname="co.edu.uelbosque.controller.TestFileManager"/>
  <testcase name="verificaQuelasInstanciasSenIguales" time="4.988" classname="co.edu.uelbosque.controller.TestFileManager"/>
  <testcase name="verificaQuelasInstanciasSenIguales" time="3.463" classname="co.edu.uelbosque.controller.TestFileManager"/>
  <testcase name="verificaQuelasInstanciasSenIguales" time="5.010" classname="co.edu.uelbosque.controller.TestFileManager"/>
  <testcase name="verificaQuelasInstanciasSenIguales" time="4.981" classname="co.edu.uelbosque.controller.TestFileManager"/>
  <testcase name="debeCrearUnBufferDeLaImagen" time="104.462" classname="co.edu.uelbosque.controller.TestFileManager">
    <failure type="java.lang.OutOfMemoryError" message="Java heap space">
      <![CDATA[java.lang.OutOfMemoryError: Java heap space
	at java.util.Arrays.copyOf(Arrays.java:2271)
	at java.io.ByteArrayOutputStream.grow(ByteArrayOutputStream.java:113)
	at java.io.ByteArrayOutputStream.ensureCapacity(ByteArrayOutputStream.java:93)
	at java.io.ByteArrayOutputStream.write(ByteArrayOutputStream.java:122)
	at co.edu.uelbosque.controller.ImageManager.getImage(ImageManager.java:49)
	at co.edu.uelbosque.controller.TestFileManager.debeCrearUnBufferDeLaImagen(TestFileManager.java:45)
	at sun.reflect.NativeMethodAccessorImpl.invoke0(Native Method)
	at sun.reflect.NativeMethodAccessorImpl.invoke(NativeMethodAccessorImpl.java:57)
	at sun.reflect.DelegatingMethodAccessorImpl.invoke(DelegatingMethodAccessorImpl.java:43)
	at java.lang.reflect.Method.invoke(Method.java:606)
	at org.testng.internal.MethodInvocationHelper.invokeMethod(MethodInvocationHelper.java:84)
	at org.testng.internal.Invoker.invokeMethod(Invoker.java:714)
	at org.testng.internal.Invoker.invokeTestMethod(Invoker.java:901)
	at org.testng.internal.Invoker.invokeTestMethods(Invoker.java:1231)
	at org.testng.internal.TestMethodWorker.invokeTestMethods(TestMethodWorker.java:127)
	at org.testng.internal.TestMethodWorker.run(TestMethodWorker.java:111)
	at org.testng.TestRunner.privateRun(TestRunner.java:767)
	at org.testng.TestRunner.run(TestRunner.java:617)
	at org.testng.SuiteRunner.runTest(SuiteRunner.java:334)
	at org.testng.SuiteRunner.runSequentially(SuiteRunner.java:329)
	at org.testng.SuiteRunner.privateRun(SuiteRunner.java:291)
	at org.testng.SuiteRunner.run(SuiteRunner.java:240)
	at org.testng.SuiteRunnerWorker.runSuite(SuiteRunnerWorker.java:52)
	at org.testng.SuiteRunnerWorker.run(SuiteRunnerWorker.java:86)
	at org.testng.TestNG.runSuitesSequentially(TestNG.java:1224)
	at org.testng.TestNG.runSuitesLocally(TestNG.java:1149)
	at org.testng.TestNG.run(TestNG.java:1057)
	at org.apache.maven.surefire.testng.TestNGExecutor.run(TestNGExecutor.java:70)
	at org.apache.maven.surefire.testng.TestNGDirectoryTestSuite.execute(TestNGDirectoryTestSuite.java:109)
	at org.apache.maven.surefire.testng.TestNGProvider.invoke(TestNGProvider.java:111)
	at sun.reflect.NativeMethodAccessorImpl.invoke0(Native Method)
	at sun.reflect.NativeMethodAccessorImpl.invoke(NativeMethodAccessorImpl.java:57)
]]>
    </failure>
  </testcase> <!-- debeCrearUnBufferDeLaImagen -->
  <testcase name="verificaQuelasInstanciasSenIguales" time="3.212" classname="co.edu.uelbosque.controller.TestFileManager"/>
  <testcase name="verificaQuelasInstanciasSenIguales" time="1.247" classname="co.edu.uelbosque.controller.TestFileManager"/>
  <testcase name="verificaQuelasInstanciasSenIguales" time="0.289" classname="co.edu.uelbosque.controller.TestFileManager"/>
  <testcase name="verificaQuelasInstanciasSenIguales" time="1.590" classname="co.edu.uelbosque.controller.TestFileManager"/>
  <testcase name="verificaQuelasInstanciasSenIguales" time="1.246" classname="co.edu.uelbosque.controller.TestFileManager"/>
  <testcase name="verificaQuelasInstanciasSenIguales" time="0.585" classname="co.edu.uelbosque.controller.TestFileManager"/>
  <testcase name="verificaQuelasInstanciasSenIguales" time="5.005" classname="co.edu.uelbosque.controller.TestFileManager"/>
  <testcase name="verificaQuelasInstanciasSenIguales" time="1.591" classname="co.edu.uelbosque.controller.TestFileManager"/>
  <testcase name="verificaQuelasInstanciasSenIguales" time="2.602" classname="co.edu.uelbosque.controller.TestFileManager"/>
  <testcase name="verificaQuelasInstanciasSenIguales" time="2.617" classname="co.edu.uelbosque.controller.TestFileManager"/>
  <testcase name="verificaQuelasInstanciasSenIguales" time="3.233" classname="co.edu.uelbosque.controller.TestFileManager"/>
  <testcase name="verificaQuelasInstanciasSenIguales" time="0.280" classname="co.edu.uelbosque.controller.TestFileManager"/>
  <testcase name="verificaQuelasInstanciasSenIguales" time="4.238" classname="co.edu.uelbosque.controller.TestFileManager"/>
  <testcase name="verificaQuelasInstanciasSenIguales" time="2.594" classname="co.edu.uelbosque.controller.TestFileManager"/>
  <testcase name="verificaQuelasInstanciasSenIguales" time="0.585" classname="co.edu.uelbosque.controller.TestFileManager"/>
  <testcase name="verificaQuelasInstanciasSenIguales" time="0.973" classname="co.edu.uelbosque.controller.TestFileManager"/>
  <testcase name="verificaQuelasInstanciasSenIguales" time="4.981" classname="co.edu.uelbosque.controller.TestFileManager"/>
  <testcase name="verificaQuelasInstanciasSenIguales" time="2.961" classname="co.edu.uelbosque.controller.TestFileManager"/>
  <testcase name="verificaQuelasInstanciasSenIguales" time="0.836" classname="co.edu.uelbosque.controller.TestFileManager"/>
  <testcase name="verificaQuelasInstanciasSenIguales" time="3.211" classname="co.edu.uelbosque.controller.TestFileManager"/>
  <testcase name="verificaQuelasInstanciasSenIguales" time="2.594" classname="co.edu.uelbosque.controller.TestFileManager"/>
  <testcase name="verificaQuelasInstanciasSenIguales" time="2.731" classname="co.edu.uelbosque.controller.TestFileManager"/>
  <testcase name="verificaQuelasInstanciasSenIguales" time="2.595" classname="co.edu.uelbosque.controller.TestFileManager"/>
  <testcase name="verificaQuelasInstanciasSenIguales" time="5.008" classname="co.edu.uelbosque.controller.TestFileManager"/>
  <testcase name="verificaQuelasInstanciasSenIguales" time="4.970" classname="co.edu.uelbosque.controller.TestFileManager"/>
  <testcase name="verificaQuelasInstanciasSenIguales" time="4.970" classname="co.edu.uelbosque.controller.TestFileManager"/>
  <testcase name="verificaQuelasInstanciasSenIguales" time="3.598" classname="co.edu.uelbosque.controller.TestFileManager"/>
  <testcase name="verificaQuelasInstanciasSenIguales" time="3.097" classname="co.edu.uelbosque.controller.TestFileManager"/>
  <testcase name="verificaQuelasInstanciasSenIguales" time="1.225" classname="co.edu.uelbosque.controller.TestFileManager"/>
  <testcase name="verificaQuelasInstanciasSenIguales" time="0.449" classname="co.edu.uelbosque.controller.TestFileManager"/>
  <testcase name="verificaQuelasInstanciasSenIguales" time="0.220" classname="co.edu.uelbosque.controller.TestFileManager"/>
  <testcase name="verificaQuelasInstanciasSenIguales" time="2.634" classname="co.edu.uelbosque.controller.TestFileManager"/>
  <testcase name="verificaQuelasInstanciasSenIguales" time="3.097" classname="co.edu.uelbosque.controller.TestFileManager"/>
  <testcase name="verificaQuelasInstanciasSenIguales" time="3.347" classname="co.edu.uelbosque.controller.TestFileManager"/>
  <testcase name="verificaQuelasInstanciasSenIguales" time="1.088" classname="co.edu.uelbosque.controller.TestFileManager"/>
  <testcase name="verificaQuelasInstanciasSenIguales" time="0.745" classname="co.edu.uelbosque.controller.TestFileManager"/>
  <testcase name="verificaQuelasInstanciasSenIguales" time="0.289" classname="co.edu.uelbosque.controller.TestFileManager"/>
  <testcase name="verificaQuelasInstanciasSenIguales" time="3.714" classname="co.edu.uelbosque.controller.TestFileManager"/>
  <testcase name="verificaQuelasInstanciasSenIguales" time="2.868" classname="co.edu.uelbosque.controller.TestFileManager"/>
  <testcase name="verificaQuelasInstanciasSenIguales" time="5.010" classname="co.edu.uelbosque.controller.TestFileManager"/>
  <testcase name="verificaQuelasInstanciasSenIguales" time="4.968" classname="co.edu.uelbosque.controller.TestFileManager"/>
  <testcase name="verificaQuelasInstanciasSenIguales" time="2.594" classname="co.edu.uelbosque.controller.TestFileManager"/>
  <testcase name="verificaQuelasInstanciasSenIguales" time="0.281" classname="co.edu.uelbosque.controller.TestFileManager"/>
  <testcase name="verificaQuelasInstanciasSenIguales" time="0.471" classname="co.edu.uelbosque.controller.TestFileManager"/>
  <testcase name="verificaQuelasInstanciasSenIguales" time="0.493" classname="co.edu.uelbosque.controller.TestFileManager"/>
  <testcase name="verificaQuelasInstanciasSenIguales" time="3.212" classname="co.edu.uelbosque.controller.TestFileManager"/>
  <testcase name="verificaQuelasInstanciasSenIguales" time="5.009" classname="co.edu.uelbosque.controller.TestFileManager"/>
  <testcase name="verificaQuelasInstanciasSenIguales" time="3.849" classname="co.edu.uelbosque.controller.TestFileManager"/>
  <testcase name="verificaQuelasInstanciasSenIguales" time="2.572" classname="co.edu.uelbosque.controller.TestFileManager"/>
  <testcase name="verificaQuelasInstanciasSenIguales" time="3.850" classname="co.edu.uelbosque.controller.TestFileManager"/>
  <testcase name="verificaQuelasInstanciasSenIguales" time="2.732" classname="co.edu.uelbosque.controller.TestFileManager"/>
  <testcase name="verificaQuelasInstanciasSenIguales" time="4.989" classname="co.edu.uelbosque.controller.TestFileManager"/>
  <testcase name="verificaQuelasInstanciasSenIguales" time="2.616" classname="co.edu.uelbosque.controller.TestFileManager"/>
  <testcase name="verificaQuelasInstanciasSenIguales" time="3.621" classname="co.edu.uelbosque.controller.TestFileManager"/>
  <testcase name="verificaQuelasInstanciasSenIguales" time="3.598" classname="co.edu.uelbosque.controller.TestFileManager"/>
  <testcase name="verificaQuelasInstanciasSenIguales" time="3.076" classname="co.edu.uelbosque.controller.TestFileManager"/>
  <testcase name="verificaQuelasInstanciasSenIguales" time="0.722" classname="co.edu.uelbosque.controller.TestFileManager"/>
  <testcase name="verificaQuelasInstanciasSenIguales" time="2.961" classname="co.edu.uelbosque.controller.TestFileManager"/>
  <testcase name="verificaQuelasInstanciasSenIguales" time="1.863" classname="co.edu.uelbosque.controller.TestFileManager"/>
  <testcase name="verificaQuelasInstanciasSenIguales" time="3.849" classname="co.edu.uelbosque.controller.TestFileManager"/>
  <testcase name="verificaQuelasInstanciasSenIguales" time="2.343" classname="co.edu.uelbosque.controller.TestFileManager"/>
  <testcase name="verificaQuelasInstanciasSenIguales" time="0.289" classname="co.edu.uelbosque.controller.TestFileManager"/>
  <testcase name="verificaQuelasInstanciasSenIguales" time="0.495" classname="co.edu.uelbosque.controller.TestFileManager"/>
  <testcase name="verificaQuelasInstanciasSenIguales" time="4.969" classname="co.edu.uelbosque.controller.TestFileManager"/>
  <testcase name="verificaQuelasInstanciasSenIguales" time="0.494" classname="co.edu.uelbosque.controller.TestFileManager"/>
  <testcase name="verificaQuelasInstanciasSenIguales" time="4.946" classname="co.edu.uelbosque.controller.TestFileManager"/>
  <testcase name="verificaQuelasInstanciasSenIguales" time="2.595" classname="co.edu.uelbosque.controller.TestFileManager"/>
  <testcase name="verificaQuelasInstanciasSenIguales" time="4.488" classname="co.edu.uelbosque.controller.TestFileManager"/>
  <testcase name="verificaQuelasInstanciasSenIguales" time="2.845" classname="co.edu.uelbosque.controller.TestFileManager"/>
  <testcase name="verificaQuelasInstanciasSenIguales" time="3.462" classname="co.edu.uelbosque.controller.TestFileManager"/>
  <testcase name="verificaQuelasInstanciasSenIguales" time="4.988" classname="co.edu.uelbosque.controller.TestFileManager"/>
  <testcase name="verificaQuelasInstanciasSenIguales" time="1.224" classname="co.edu.uelbosque.controller.TestFileManager"/>
  <testcase name="verificaQuelasInstanciasSenIguales" time="4.216" classname="co.edu.uelbosque.controller.TestFileManager"/>
  <testcase name="verificaQuelasInstanciasSenIguales" time="1.339" classname="co.edu.uelbosque.controller.TestFileManager"/>
  <testcase name="verificaQuelasInstanciasSenIguales" time="3.077" classname="co.edu.uelbosque.controller.TestFileManager"/>
  <testcase name="verificaQuelasInstanciasSenIguales" time="2.114" classname="co.edu.uelbosque.controller.TestFileManager"/>
  <testcase name="verificaQuelasInstanciasSenIguales" time="3.713" classname="co.edu.uelbosque.controller.TestFileManager"/>
  <testcase name="verificaQuelasInstanciasSenIguales" time="1.338" classname="co.edu.uelbosque.controller.TestFileManager"/>
  <testcase name="verificaQuelasInstanciasSenIguales" time="3.713" classname="co.edu.uelbosque.controller.TestFileManager"/>
  <testcase name="verificaQuelasInstanciasSenIguales" time="2.595" classname="co.edu.uelbosque.controller.TestFileManager"/>
  <testcase name="verificaQuelasInstanciasSenIguales" time="3.326" classname="co.edu.uelbosque.controller.TestFileManager"/>
  <testcase name="verificaQuelasInstanciasSenIguales" time="0.700" classname="co.edu.uelbosque.controller.TestFileManager"/>
  <testcase name="verificaQuelasInstanciasSenIguales" time="2.594" classname="co.edu.uelbosque.controller.TestFileManager"/>
  <testcase name="verificaQuelasInstanciasSenIguales" time="0.280" classname="co.edu.uelbosque.controller.TestFileManager"/>
  <testcase name="verificaQuelasInstanciasSenIguales" time="2.343" classname="co.edu.uelbosque.controller.TestFileManager"/>
  <testcase name="verificaQuelasInstanciasSenIguales" time="2.344" classname="co.edu.uelbosque.controller.TestFileManager"/>
  <testcase name="verificaQuelasInstanciasSenIguales" time="0.739" classname="co.edu.uelbosque.controller.TestFileManager"/>
  <testcase name="verificaQuelasInstanciasSenIguales" time="5.005" classname="co.edu.uelbosque.controller.TestFileManager"/>
  <testcase name="verificaQuelasInstanciasSenIguales" time="0.701" classname="co.edu.uelbosque.controller.TestFileManager"/>
  <testcase name="verificaQuelasInstanciasSenIguales" time="5.010" classname="co.edu.uelbosque.controller.TestFileManager"/>
  <testcase name="verificaQuelasInstanciasSenIguales" time="0.289" classname="co.edu.uelbosque.controller.TestFileManager"/>
  <testcase name="verificaQuelasInstanciasSenIguales" time="0.973" classname="co.edu.uelbosque.controller.TestFileManager"/>
</testsuite> <!-- co.edu.uelbosque.controller.TestFileManager -->
