<?xml version="1.0" encoding="UTF-8"?>
<!-- Generated by org.testng.reporters.JUnitReportReporter -->
<testsuite hostname="e201-ThinkCentre-M71z" name="co.edu.uelbosque.controller.TestFileManager" tests="101" failures="0" timestamp="2 Sep 2014 02:10:29 GMT" time="249.052" errors="0">
  <testcase name="verificaQuelasInstanciasSenIguales" time="2.934" classname="co.edu.uelbosque.controller.TestFileManager"/>
  <testcase name="verificaQuelasInstanciasSenIguales" time="0.558" classname="co.edu.uelbosque.controller.TestFileManager"/>
  <testcase name="verificaQuelasInstanciasSenIguales" time="0.303" classname="co.edu.uelbosque.controller.TestFileManager"/>
  <testcase name="verificaQuelasInstanciasSenIguales" time="2.683" classname="co.edu.uelbosque.controller.TestFileManager"/>
  <testcase name="verificaQuelasInstanciasSenIguales" time="2.428" classname="co.edu.uelbosque.controller.TestFileManager"/>
  <testcase name="verificaQuelasInstanciasSenIguales" time="2.546" classname="co.edu.uelbosque.controller.TestFileManager"/>
  <testcase name="verificaQuelasInstanciasSenIguales" time="4.555" classname="co.edu.uelbosque.controller.TestFileManager"/>
  <testcase name="verificaQuelasInstanciasSenIguales" time="3.431" classname="co.edu.uelbosque.controller.TestFileManager"/>
  <testcase name="verificaQuelasInstanciasSenIguales" time="1.559" classname="co.edu.uelbosque.controller.TestFileManager"/>
  <testcase name="verificaQuelasInstanciasSenIguales" time="0.559" classname="co.edu.uelbosque.controller.TestFileManager"/>
  <testcase name="verificaQuelasInstanciasSenIguales" time="4.554" classname="co.edu.uelbosque.controller.TestFileManager"/>
  <testcase name="verificaQuelasInstanciasSenIguales" time="4.189" classname="co.edu.uelbosque.controller.TestFileManager"/>
  <testcase name="verificaQuelasInstanciasSenIguales" time="0.056" classname="co.edu.uelbosque.controller.TestFileManager"/>
  <testcase name="verificaQuelasInstanciasSenIguales" time="0.555" classname="co.edu.uelbosque.controller.TestFileManager"/>
  <testcase name="verificaQuelasInstanciasSenIguales" time="0.581" classname="co.edu.uelbosque.controller.TestFileManager"/>
  <testcase name="verificaQuelasInstanciasSenIguales" time="0.692" classname="co.edu.uelbosque.controller.TestFileManager"/>
  <testcase name="verificaQuelasInstanciasSenIguales" time="2.550" classname="co.edu.uelbosque.controller.TestFileManager"/>
  <testcase name="verificaQuelasInstanciasSenIguales" time="3.069" classname="co.edu.uelbosque.controller.TestFileManager"/>
  <testcase name="verificaQuelasInstanciasSenIguales" time="3.567" classname="co.edu.uelbosque.controller.TestFileManager"/>
  <testcase name="verificaQuelasInstanciasSenIguales" time="0.584" classname="co.edu.uelbosque.controller.TestFileManager"/>
  <testcase name="verificaQuelasInstanciasSenIguales" time="1.559" classname="co.edu.uelbosque.controller.TestFileManager"/>
  <testcase name="verificaQuelasInstanciasSenIguales" time="4.188" classname="co.edu.uelbosque.controller.TestFileManager"/>
  <testcase name="verificaQuelasInstanciasSenIguales" time="4.841" classname="co.edu.uelbosque.controller.TestFileManager"/>
  <testcase name="verificaQuelasInstanciasSenIguales" time="1.559" classname="co.edu.uelbosque.controller.TestFileManager"/>
  <testcase name="verificaQuelasInstanciasSenIguales" time="4.419" classname="co.edu.uelbosque.controller.TestFileManager"/>
  <testcase name="verificaQuelasInstanciasSenIguales" time="0.329" classname="co.edu.uelbosque.controller.TestFileManager"/>
  <testcase name="debeCrearUnBufferDeLaImagen" time="4.214" classname="co.edu.uelbosque.controller.TestFileManager"/>
  <testcase name="verificaQuelasInstanciasSenIguales" time="3.065" classname="co.edu.uelbosque.controller.TestFileManager"/>
  <testcase name="verificaQuelasInstanciasSenIguales" time="0.585" classname="co.edu.uelbosque.controller.TestFileManager"/>
  <testcase name="verificaQuelasInstanciasSenIguales" time="4.802" classname="co.edu.uelbosque.controller.TestFileManager"/>
  <testcase name="verificaQuelasInstanciasSenIguales" time="1.313" classname="co.edu.uelbosque.controller.TestFileManager"/>
  <testcase name="verificaQuelasInstanciasSenIguales" time="4.185" classname="co.edu.uelbosque.controller.TestFileManager"/>
  <testcase name="verificaQuelasInstanciasSenIguales" time="4.185" classname="co.edu.uelbosque.controller.TestFileManager"/>
  <testcase name="verificaQuelasInstanciasSenIguales" time="2.547" classname="co.edu.uelbosque.controller.TestFileManager"/>
  <testcase name="verificaQuelasInstanciasSenIguales" time="2.814" classname="co.edu.uelbosque.controller.TestFileManager"/>
  <testcase name="verificaQuelasInstanciasSenIguales" time="1.057" classname="co.edu.uelbosque.controller.TestFileManager"/>
  <testcase name="verificaQuelasInstanciasSenIguales" time="1.678" classname="co.edu.uelbosque.controller.TestFileManager"/>
  <testcase name="verificaQuelasInstanciasSenIguales" time="2.432" classname="co.edu.uelbosque.controller.TestFileManager"/>
  <testcase name="verificaQuelasInstanciasSenIguales" time="4.416" classname="co.edu.uelbosque.controller.TestFileManager"/>
  <testcase name="verificaQuelasInstanciasSenIguales" time="4.420" classname="co.edu.uelbosque.controller.TestFileManager"/>
  <testcase name="verificaQuelasInstanciasSenIguales" time="3.431" classname="co.edu.uelbosque.controller.TestFileManager"/>
  <testcase name="verificaQuelasInstanciasSenIguales" time="3.179" classname="co.edu.uelbosque.controller.TestFileManager"/>
  <testcase name="verificaQuelasInstanciasSenIguales" time="2.180" classname="co.edu.uelbosque.controller.TestFileManager"/>
  <testcase name="verificaQuelasInstanciasSenIguales" time="1.929" classname="co.edu.uelbosque.controller.TestFileManager"/>
  <testcase name="verificaQuelasInstanciasSenIguales" time="2.727" classname="co.edu.uelbosque.controller.TestFileManager"/>
  <testcase name="verificaQuelasInstanciasSenIguales" time="2.710" classname="co.edu.uelbosque.controller.TestFileManager"/>
  <testcase name="verificaQuelasInstanciasSenIguales" time="3.431" classname="co.edu.uelbosque.controller.TestFileManager"/>
  <testcase name="verificaQuelasInstanciasSenIguales" time="4.185" classname="co.edu.uelbosque.controller.TestFileManager"/>
  <testcase name="verificaQuelasInstanciasSenIguales" time="4.185" classname="co.edu.uelbosque.controller.TestFileManager"/>
  <testcase name="verificaQuelasInstanciasSenIguales" time="1.056" classname="co.edu.uelbosque.controller.TestFileManager"/>
  <testcase name="verificaQuelasInstanciasSenIguales" time="0.559" classname="co.edu.uelbosque.controller.TestFileManager"/>
  <testcase name="verificaQuelasInstanciasSenIguales" time="0.330" classname="co.edu.uelbosque.controller.TestFileManager"/>
  <testcase name="verificaQuelasInstanciasSenIguales" time="2.065" classname="co.edu.uelbosque.controller.TestFileManager"/>
  <testcase name="verificaQuelasInstanciasSenIguales" time="1.928" classname="co.edu.uelbosque.controller.TestFileManager"/>
  <testcase name="verificaQuelasInstanciasSenIguales" time="1.308" classname="co.edu.uelbosque.controller.TestFileManager"/>
  <testcase name="verificaQuelasInstanciasSenIguales" time="2.933" classname="co.edu.uelbosque.controller.TestFileManager"/>
  <testcase name="verificaQuelasInstanciasSenIguales" time="2.816" classname="co.edu.uelbosque.controller.TestFileManager"/>
  <testcase name="verificaQuelasInstanciasSenIguales" time="1.193" classname="co.edu.uelbosque.controller.TestFileManager"/>
  <testcase name="verificaQuelasInstanciasSenIguales" time="2.432" classname="co.edu.uelbosque.controller.TestFileManager"/>
  <testcase name="verificaQuelasInstanciasSenIguales" time="1.083" classname="co.edu.uelbosque.controller.TestFileManager"/>
  <testcase name="verificaQuelasInstanciasSenIguales" time="4.421" classname="co.edu.uelbosque.controller.TestFileManager"/>
  <testcase name="verificaQuelasInstanciasSenIguales" time="0.555" classname="co.edu.uelbosque.controller.TestFileManager"/>
  <testcase name="verificaQuelasInstanciasSenIguales" time="3.316" classname="co.edu.uelbosque.controller.TestFileManager"/>
  <testcase name="verificaQuelasInstanciasSenIguales" time="2.817" classname="co.edu.uelbosque.controller.TestFileManager"/>
  <testcase name="verificaQuelasInstanciasSenIguales" time="4.185" classname="co.edu.uelbosque.controller.TestFileManager"/>
  <testcase name="verificaQuelasInstanciasSenIguales" time="4.185" classname="co.edu.uelbosque.controller.TestFileManager"/>
  <testcase name="verificaQuelasInstanciasSenIguales" time="4.440" classname="co.edu.uelbosque.controller.TestFileManager"/>
  <testcase name="verificaQuelasInstanciasSenIguales" time="0.555" classname="co.edu.uelbosque.controller.TestFileManager"/>
  <testcase name="verificaQuelasInstanciasSenIguales" time="1.308" classname="co.edu.uelbosque.controller.TestFileManager"/>
  <testcase name="verificaQuelasInstanciasSenIguales" time="4.805" classname="co.edu.uelbosque.controller.TestFileManager"/>
  <testcase name="verificaQuelasInstanciasSenIguales" time="0.194" classname="co.edu.uelbosque.controller.TestFileManager"/>
  <testcase name="verificaQuelasInstanciasSenIguales" time="2.181" classname="co.edu.uelbosque.controller.TestFileManager"/>
  <testcase name="verificaQuelasInstanciasSenIguales" time="2.704" classname="co.edu.uelbosque.controller.TestFileManager"/>
  <testcase name="verificaQuelasInstanciasSenIguales" time="1.559" classname="co.edu.uelbosque.controller.TestFileManager"/>
  <testcase name="verificaQuelasInstanciasSenIguales" time="2.815" classname="co.edu.uelbosque.controller.TestFileManager"/>
  <testcase name="verificaQuelasInstanciasSenIguales" time="0.166" classname="co.edu.uelbosque.controller.TestFileManager"/>
  <testcase name="verificaQuelasInstanciasSenIguales" time="0.166" classname="co.edu.uelbosque.controller.TestFileManager"/>
  <testcase name="verificaQuelasInstanciasSenIguales" time="2.819" classname="co.edu.uelbosque.controller.TestFileManager"/>
  <testcase name="verificaQuelasInstanciasSenIguales" time="1.810" classname="co.edu.uelbosque.controller.TestFileManager"/>
  <testcase name="verificaQuelasInstanciasSenIguales" time="1.559" classname="co.edu.uelbosque.controller.TestFileManager"/>
  <testcase name="verificaQuelasInstanciasSenIguales" time="1.057" classname="co.edu.uelbosque.controller.TestFileManager"/>
  <testcase name="verificaQuelasInstanciasSenIguales" time="4.943" classname="co.edu.uelbosque.controller.TestFileManager"/>
  <testcase name="verificaQuelasInstanciasSenIguales" time="4.838" classname="co.edu.uelbosque.controller.TestFileManager"/>
  <testcase name="verificaQuelasInstanciasSenIguales" time="2.550" classname="co.edu.uelbosque.controller.TestFileManager"/>
  <testcase name="verificaQuelasInstanciasSenIguales" time="3.682" classname="co.edu.uelbosque.controller.TestFileManager"/>
  <testcase name="verificaQuelasInstanciasSenIguales" time="2.678" classname="co.edu.uelbosque.controller.TestFileManager"/>
  <testcase name="verificaQuelasInstanciasSenIguales" time="2.432" classname="co.edu.uelbosque.controller.TestFileManager"/>
  <testcase name="verificaQuelasInstanciasSenIguales" time="0.691" classname="co.edu.uelbosque.controller.TestFileManager"/>
  <testcase name="verificaQuelasInstanciasSenIguales" time="2.933" classname="co.edu.uelbosque.controller.TestFileManager"/>
  <testcase name="verificaQuelasInstanciasSenIguales" time="1.313" classname="co.edu.uelbosque.controller.TestFileManager"/>
  <testcase name="verificaQuelasInstanciasSenIguales" time="2.815" classname="co.edu.uelbosque.controller.TestFileManager"/>
  <testcase name="verificaQuelasInstanciasSenIguales" time="1.194" classname="co.edu.uelbosque.controller.TestFileManager"/>
  <testcase name="verificaQuelasInstanciasSenIguales" time="4.304" classname="co.edu.uelbosque.controller.TestFileManager"/>
  <testcase name="verificaQuelasInstanciasSenIguales" time="1.559" classname="co.edu.uelbosque.controller.TestFileManager"/>
  <testcase name="verificaQuelasInstanciasSenIguales" time="0.691" classname="co.edu.uelbosque.controller.TestFileManager"/>
  <testcase name="verificaQuelasInstanciasSenIguales" time="2.816" classname="co.edu.uelbosque.controller.TestFileManager"/>
  <testcase name="verificaQuelasInstanciasSenIguales" time="4.304" classname="co.edu.uelbosque.controller.TestFileManager"/>
  <testcase name="verificaQuelasInstanciasSenIguales" time="0.942" classname="co.edu.uelbosque.controller.TestFileManager"/>
  <testcase name="verificaQuelasInstanciasSenIguales" time="3.431" classname="co.edu.uelbosque.controller.TestFileManager"/>
  <testcase name="verificaQuelasInstanciasSenIguales" time="4.416" classname="co.edu.uelbosque.controller.TestFileManager"/>
  <testcase name="verificaQuelasInstanciasSenIguales" time="2.682" classname="co.edu.uelbosque.controller.TestFileManager"/>
</testsuite> <!-- co.edu.uelbosque.controller.TestFileManager -->
